2023-10-06 12:44:12 #---------------------------------#
2023-10-06 12:44:12 new simulation started
2023-10-06 12:44:12 SNOW.py started
2023-10-06 12:44:13 im.png saved
2023-10-06 12:44:14 im_pore.png saved
2023-10-06 12:44:17 im_pore.raw (uint8) saved
2023-10-06 12:44:17 porosity: 0.078987921875
2023-10-06 12:49:22 SNOW done
2023-10-06 12:49:22 
══════════════════════════════════════════════════════════════════════════════
net : <openpnm.network.Network at 0x28ab79190>
――――――――――――――――――――――――――――――――――――――――――――――――――――――――――――――――――――――――――――――
  #  Properties                                                   Valid Values
――――――――――――――――――――――――――――――――――――――――――――――――――――――――――――――――――――――――――――――
  2  throat.conns                                                23599 / 23599
  3  pore.coords                                                 43479 / 43479
  4  pore.region_label                                           43479 / 43479
  5  pore.phase                                                  43479 / 43479
  6  throat.phases                                               23599 / 23599
  7  pore.region_volume                                          43479 / 43479
  8  pore.equivalent_diameter                                    43479 / 43479
  9  pore.local_peak                                             43479 / 43479
 10  pore.global_peak                                            43479 / 43479
 11  pore.geometric_centroid                                     43479 / 43479
 12  throat.global_peak                                          23599 / 23599
 13  pore.inscribed_diameter                                     43479 / 43479
 14  pore.extended_diameter                                      43479 / 43479
 15  throat.inscribed_diameter                                   23599 / 23599
 16  throat.total_length                                         23599 / 23599
 17  throat.direct_length                                        23599 / 23599
 18  throat.perimeter                                            23599 / 23599
 19  pore.volume                                                 43479 / 43479
 20  pore.surface_area                                           43479 / 43479
 21  throat.cross_sectional_area                                 23599 / 23599
 22  throat.equivalent_diameter                                  23599 / 23599
――――――――――――――――――――――――――――――――――――――――――――――――――――――――――――――――――――――――――――――
  #  Labels                                                 Assigned Locations
――――――――――――――――――――――――――――――――――――――――――――――――――――――――――――――――――――――――――――――
  2  pore.all                                                            43479
  3  throat.all                                                          23599
  4  pore.boundary                                                        1122
  5  pore.xmin                                                              70
  6  pore.xmax                                                             237
  7  pore.ymin                                                             184
  8  pore.ymax                                                             189
  9  pore.zmin                                                             201
 10  pore.zmax                                                             241
――――――――――――――――――――――――――――――――――――――――――――――――――――――――――――――――――――――――――――――
2023-10-06 12:49:22 SNOW.py finished
2023-10-06 12:52:07 #---------------------------------#
2023-10-06 12:52:07 new simulation started
2023-10-06 12:52:07 SNOW.py started
2023-10-06 12:52:08 im.png saved
2023-10-06 12:52:09 im_pore.png saved
2023-10-06 12:52:12 im_pore.raw (uint8) saved
2023-10-06 12:52:12 porosity: 0.078987921875
2023-10-06 12:57:33 SNOW done
2023-10-06 12:57:33 
══════════════════════════════════════════════════════════════════════════════
net : <openpnm.network.Network at 0x177c77410>
――――――――――――――――――――――――――――――――――――――――――――――――――――――――――――――――――――――――――――――
  #  Properties                                                   Valid Values
――――――――――――――――――――――――――――――――――――――――――――――――――――――――――――――――――――――――――――――
  2  throat.conns                                                23599 / 23599
  3  pore.coords                                                 43479 / 43479
  4  pore.region_label                                           43479 / 43479
  5  pore.phase                                                  43479 / 43479
  6  throat.phases                                               23599 / 23599
  7  pore.region_volume                                          43479 / 43479
  8  pore.equivalent_diameter                                    43479 / 43479
  9  pore.local_peak                                             43479 / 43479
 10  pore.global_peak                                            43479 / 43479
 11  pore.geometric_centroid                                     43479 / 43479
 12  throat.global_peak                                          23599 / 23599
 13  pore.inscribed_diameter                                     43479 / 43479
 14  pore.extended_diameter                                      43479 / 43479
 15  throat.inscribed_diameter                                   23599 / 23599
 16  throat.total_length                                         23599 / 23599
 17  throat.direct_length                                        23599 / 23599
 18  throat.perimeter                                            23599 / 23599
 19  pore.volume                                                 43479 / 43479
 20  pore.surface_area                                           43479 / 43479
 21  throat.cross_sectional_area                                 23599 / 23599
 22  throat.equivalent_diameter                                  23599 / 23599
――――――――――――――――――――――――――――――――――――――――――――――――――――――――――――――――――――――――――――――
  #  Labels                                                 Assigned Locations
――――――――――――――――――――――――――――――――――――――――――――――――――――――――――――――――――――――――――――――
  2  pore.all                                                            43479
  3  throat.all                                                          23599
  4  pore.boundary                                                        1122
  5  pore.xmin                                                              70
  6  pore.xmax                                                             237
  7  pore.ymin                                                             184
  8  pore.ymax                                                             189
  9  pore.zmin                                                             201
 10  pore.zmax                                                             241
――――――――――――――――――――――――――――――――――――――――――――――――――――――――――――――――――――――――――――――
2023-10-06 12:57:33 SNOW.py finished
2023-10-06 16:27:20 #---------------------------------#
2023-10-06 16:27:20 porosimetry.py started
2023-10-06 16:27:51 #---------------------------------#
2023-10-06 16:27:51 porosimetry.py started
2023-10-06 16:27:52 Sandstone_1_12_400cube.raw imported
2023-10-06 16:27:52 im.png saved in /Users/martin/Library/Mobile Documents/com~apple~CloudDocs/MYDATA/CODING_WORLD/PYTHON_WORLD/Digital_Rock_Physics_Template/projects/2022_Pang/output
2023-10-06 16:27:53 im_pore.png saved in /Users/martin/Library/Mobile Documents/com~apple~CloudDocs/MYDATA/CODING_WORLD/PYTHON_WORLD/Digital_Rock_Physics_Template/projects/2022_Pang/output
2023-10-06 16:27:56 im_pore.raw (uint8) saved in /Users/martin/Library/Mobile Documents/com~apple~CloudDocs/MYDATA/CODING_WORLD/PYTHON_WORLD/Digital_Rock_Physics_Template/projects/2022_Pang/output
2023-10-06 16:37:58 #---------------------------------#
2023-10-06 16:37:58 porosimetry.py started
2023-10-06 16:37:59 Sandstone_1_12_400cube.raw imported
2023-10-06 16:38:00 im.png saved in /Users/martin/Library/Mobile Documents/com~apple~CloudDocs/MYDATA/CODING_WORLD/PYTHON_WORLD/Digital_Rock_Physics_Template/projects/2022_Pang/output
2023-10-06 16:38:01 im_pore.png saved in /Users/martin/Library/Mobile Documents/com~apple~CloudDocs/MYDATA/CODING_WORLD/PYTHON_WORLD/Digital_Rock_Physics_Template/projects/2022_Pang/output
2023-10-06 16:38:04 im_pore.raw (uint8) saved in /Users/martin/Library/Mobile Documents/com~apple~CloudDocs/MYDATA/CODING_WORLD/PYTHON_WORLD/Digital_Rock_Physics_Template/projects/2022_Pang/output
2023-10-09 08:08:59 #---------------------------------#
2023-10-09 08:08:59 new simulation started
2023-10-09 08:08:59 SNOW.py started
2023-10-09 08:09:00 im.png saved
2023-10-09 08:09:01 im_pore.png saved
2023-10-09 08:09:04 im_pore.raw (uint8) saved
2023-10-09 08:09:04 porosity: 0.078987921875
2023-10-09 08:15:46 #---------------------------------#
2023-10-09 08:15:46 porosimetry.py started
2023-10-09 08:15:47 Sandstone_1_12_400cube.raw imported
2023-10-09 08:15:47 im.png saved in /Users/martin/Library/Mobile Documents/com~apple~CloudDocs/MYDATA/CODING_WORLD/PYTHON_WORLD/Digital_Rock_Physics_Template/projects/2022_Pang/output
2023-10-09 08:15:48 im_pore.png saved in /Users/martin/Library/Mobile Documents/com~apple~CloudDocs/MYDATA/CODING_WORLD/PYTHON_WORLD/Digital_Rock_Physics_Template/projects/2022_Pang/output
2023-10-09 08:15:51 im_pore.raw (uint8) saved in /Users/martin/Library/Mobile Documents/com~apple~CloudDocs/MYDATA/CODING_WORLD/PYTHON_WORLD/Digital_Rock_Physics_Template/projects/2022_Pang/output
2023-10-09 08:20:07 #---------------------------------#
2023-10-09 08:20:07 porosimetry.py started
2023-10-09 08:20:07 Sandstone_1_12_400cube.raw imported
2023-10-09 08:20:08 im.png saved in /Users/martin/Library/Mobile Documents/com~apple~CloudDocs/MYDATA/CODING_WORLD/PYTHON_WORLD/Digital_Rock_Physics_Template/projects/2022_Pang/output
2023-10-09 08:20:09 im_pore.png saved in /Users/martin/Library/Mobile Documents/com~apple~CloudDocs/MYDATA/CODING_WORLD/PYTHON_WORLD/Digital_Rock_Physics_Template/projects/2022_Pang/output
2023-10-09 08:20:12 im_pore.raw (uint8) saved in /Users/martin/Library/Mobile Documents/com~apple~CloudDocs/MYDATA/CODING_WORLD/PYTHON_WORLD/Digital_Rock_Physics_Template/projects/2022_Pang/output
2023-10-09 08:40:00 #---------------------------------#
2023-10-09 08:40:00 porosimetry.py started
2023-10-09 08:40:01 Sandstone_1_12_400cube.raw imported
2023-10-09 08:40:02 im.png saved in /Users/martin/Library/Mobile Documents/com~apple~CloudDocs/MYDATA/CODING_WORLD/PYTHON_WORLD/Digital_Rock_Physics_Template/projects/2022_Pang/output
2023-10-09 08:40:02 im_pore.png saved in /Users/martin/Library/Mobile Documents/com~apple~CloudDocs/MYDATA/CODING_WORLD/PYTHON_WORLD/Digital_Rock_Physics_Template/projects/2022_Pang/output
2023-10-09 08:40:05 im_pore.raw (uint8) saved in /Users/martin/Library/Mobile Documents/com~apple~CloudDocs/MYDATA/CODING_WORLD/PYTHON_WORLD/Digital_Rock_Physics_Template/projects/2022_Pang/output
2023-10-09 08:43:16 #---------------------------------#
2023-10-09 08:43:16 porosimetry.py started
2023-10-09 08:43:16 Sandstone_1_12_400cube.raw imported
2023-10-09 08:43:17 im.png saved in /Users/martin/Library/Mobile Documents/com~apple~CloudDocs/MYDATA/CODING_WORLD/PYTHON_WORLD/Digital_Rock_Physics_Template/projects/2022_Pang/output
2023-10-09 08:43:17 im_pore.png saved in /Users/martin/Library/Mobile Documents/com~apple~CloudDocs/MYDATA/CODING_WORLD/PYTHON_WORLD/Digital_Rock_Physics_Template/projects/2022_Pang/output
2023-10-09 08:43:20 im_pore.raw (uint8) saved in /Users/martin/Library/Mobile Documents/com~apple~CloudDocs/MYDATA/CODING_WORLD/PYTHON_WORLD/Digital_Rock_Physics_Template/projects/2022_Pang/output
2023-10-09 08:44:43 porosimetry.py finished
2023-10-09 08:49:02 #---------------------------------#
2023-10-09 08:49:02 porosimetry.py started
2023-10-09 08:49:03 Sandstone_1_12_400cube.raw imported
2023-10-09 08:49:03 im.png saved in /Users/martin/Library/Mobile Documents/com~apple~CloudDocs/MYDATA/CODING_WORLD/PYTHON_WORLD/Digital_Rock_Physics_Template/projects/2022_Pang/output
2023-10-09 08:49:04 im_pore.png saved in /Users/martin/Library/Mobile Documents/com~apple~CloudDocs/MYDATA/CODING_WORLD/PYTHON_WORLD/Digital_Rock_Physics_Template/projects/2022_Pang/output
2023-10-09 08:49:07 im_pore.raw (uint8) saved in /Users/martin/Library/Mobile Documents/com~apple~CloudDocs/MYDATA/CODING_WORLD/PYTHON_WORLD/Digital_Rock_Physics_Template/projects/2022_Pang/output
2023-10-09 08:50:31 porosimetry.py finished
